<?xml version="1.0" encoding="UTF-8"?>
<!-- Generated by org.testng.reporters.JUnitReportReporter -->
<testsuite skipped="0" hostname="BDC4-D-5SL1RG2" name="Day001.DataProviderClass" tests="2" failures="0" timestamp="17 Sep 2018 09:18:37 GMT" time="0.000" errors="0">
  <testcase name="testcase" time="0.000" classname="Day001.DataProviderClass"/>
  <testcase name="testcase" time="0.000" classname="Day001.DataProviderClass"/>
</testsuite> <!-- Day001.DataProviderClass -->
