<?xml version="1.0" encoding="UTF-8"?>
<!-- Generated by org.testng.reporters.JUnitReportReporter -->
<testsuite skipped="0" hostname="BDC4-D-5SL1RG2" name="Day001.KeyPressFeatures" tests="1" failures="0" timestamp="18 Sep 2018 11:34:24 GMT" time="12.358" errors="0">
  <testcase name="keyPressMethod" time="12.358" classname="Day001.KeyPressFeatures"/>
</testsuite> <!-- Day001.KeyPressFeatures -->
