<?xml version="1.0" encoding="UTF-8"?>
<!-- Generated by org.testng.reporters.JUnitReportReporter -->
<testsuite skipped="1" hostname="BDC4-D-5SL1RG2" name="Day001.SelectElement" tests="2" failures="0" timestamp="18 Sep 2018 04:51:58 GMT" time="45.050" errors="0">
  <testcase name="findLinks" time="45.050" classname="Day001.SelectElement"/>
  <testcase name="selectCountry" classname="Day001.SelectElement">
    <skipped/>
  </testcase> <!-- selectCountry -->
</testsuite> <!-- Day001.SelectElement -->
