<?xml version="1.0" encoding="UTF-8"?>
<!-- Generated by org.testng.reporters.JUnitReportReporter -->
<testsuite skipped="0" hostname="BDC4-D-5SL1RG2" name="selenium.plus.three.UploadFileRoboFramework" tests="1" failures="0" timestamp="19 Sep 2018 04:17:14 GMT" time="32.225" errors="0">
  <testcase name="uploadingTheFile" time="32.225" classname="selenium.plus.three.UploadFileRoboFramework"/>
</testsuite> <!-- selenium.plus.three.UploadFileRoboFramework -->
