<?xml version="1.0" encoding="UTF-8"?>
<!-- Generated by org.testng.reporters.JUnitReportReporter -->
<testsuite skipped="0" hostname="BDC4-D-5SL1RG2" name="Day001.RoughTest" tests="1" failures="0" timestamp="18 Sep 2018 03:38:50 GMT" time="26.612" errors="0">
  <testcase name="testCase1" time="26.612" classname="Day001.RoughTest"/>
</testsuite> <!-- Day001.RoughTest -->
