<?xml version="1.0" encoding="UTF-8"?>
<!-- Generated by org.testng.reporters.JUnitReportReporter -->
<testsuite skipped="0" hostname="BDC4-D-5SL1RG2" name="Day001.ActionsFeature" tests="1" failures="0" timestamp="18 Sep 2018 11:21:18 GMT" time="35.752" errors="0">
  <testcase name="mouseOverMovement" time="35.752" classname="Day001.ActionsFeature"/>
</testsuite> <!-- Day001.ActionsFeature -->
