<?xml version="1.0" encoding="UTF-8"?>
<!-- Generated by org.testng.reporters.JUnitReportReporter -->
<testsuite skipped="0" hostname="BDC4-D-5SL1RG2" name="Day001.BasicAnnotation" tests="1" failures="0" timestamp="17 Sep 2018 09:18:37 GMT" time="23.135" errors="0">
  <testcase name="testOne" time="23.135" classname="Day001.BasicAnnotation"/>
</testsuite> <!-- Day001.BasicAnnotation -->
