<?xml version="1.0" encoding="UTF-8"?>
<!-- Generated by org.testng.reporters.JUnitReportReporter -->
<testsuite skipped="1" hostname="BDC4-D-5SL1RG2" name="Day001.Annotations" tests="2" failures="0" timestamp="17 Sep 2018 09:18:37 GMT" time="0.010" errors="0">
  <testcase name="testcase2" time="0.010" classname="Day001.Annotations"/>
  <testcase name="testcase1" classname="Day001.Annotations">
    <skipped/>
  </testcase> <!-- testcase1 -->
</testsuite> <!-- Day001.Annotations -->
