<?xml version="1.0" encoding="UTF-8"?>
<!-- Generated by org.testng.reporters.JUnitReportReporter -->
<testsuite skipped="0" hostname="BDC4-D-5SL1RG2" name="Day001.RighClickMenu" tests="1" failures="0" timestamp="18 Sep 2018 10:46:45 GMT" time="17.312" errors="0">
  <testcase name="keyPressMethod" time="17.312" classname="Day001.RighClickMenu"/>
</testsuite> <!-- Day001.RighClickMenu -->
