<?xml version="1.0" encoding="UTF-8"?>
<!-- Generated by org.testng.reporters.JUnitReportReporter -->
<testsuite skipped="1" hostname="BDC4-D-5SL1RG2" name="Day001.AlertPopup" tests="2" failures="0" timestamp="18 Sep 2018 06:12:11 GMT" time="28.071" errors="0">
  <testcase name="switchToFrame" time="28.071" classname="Day001.AlertPopup"/>
  <testcase name="selectCountry" classname="Day001.AlertPopup">
    <skipped/>
  </testcase> <!-- selectCountry -->
</testsuite> <!-- Day001.AlertPopup -->
