<?xml version="1.0" encoding="UTF-8"?>
<!-- Generated by org.testng.reporters.JUnitReportReporter -->
<testsuite skipped="2" hostname="BDC4-D-5SL1RG2" name="Day001.WindowHandle" tests="3" failures="0" timestamp="18 Sep 2018 09:15:41 GMT" time="11.260" errors="0">
  <testcase name="windowHandling" time="11.260" classname="Day001.WindowHandle"/>
  <testcase name="workingWithSet" classname="Day001.WindowHandle">
    <skipped/>
  </testcase> <!-- workingWithSet -->
  <testcase name="switchToFrame" classname="Day001.WindowHandle">
    <skipped/>
  </testcase> <!-- switchToFrame -->
</testsuite> <!-- Day001.WindowHandle -->
