<?xml version="1.0" encoding="UTF-8"?>
<!-- Generated by org.testng.reporters.JUnitReportReporter -->
<testsuite skipped="0" hostname="BDC4-D-5SL1RG2" name="Day001.DragNDropFeature" tests="1" failures="0" timestamp="18 Sep 2018 09:40:29 GMT" time="18.304" errors="0">
  <testcase name="dragDropElement" time="18.304" classname="Day001.DragNDropFeature"/>
</testsuite> <!-- Day001.DragNDropFeature -->
